Change Component Designator: OldDesignator=S? NewDesignator=SP2
Added Component: Designator=LM35DZ(HDR1X3)
Add component. Clean all parameters for all variants
Add component (AddParameter): Name = "LatestRevisionDate"; Value = "17-Jul-2002"; VariantName = "[No Variations]"
Add component (AddParameter): Name = "LatestRevisionNote"; Value = "Re-released for DXP Platform."; VariantName = "[No Variations]"
Add component (AddParameter): Name = "Publisher"; Value = "Altium Limited"; VariantName = "[No Variations]"
Added Component: Designator=P?(HDR1X3)
Add component. Clean all parameters for all variants
Add component (AddParameter): Name = "LatestRevisionDate"; Value = "17-Jul-2002"; VariantName = "[No Variations]"
Add component (AddParameter): Name = "LatestRevisionNote"; Value = "Re-released for DXP Platform."; VariantName = "[No Variations]"
Add component (AddParameter): Name = "Publisher"; Value = "Altium Limited"; VariantName = "[No Variations]"
Added Pin To Net: NetName=enA Pin=Arduino-20
Added Pin To Net: NetName=in2 Pin=Arduino-21
Added Pin To Net: NetName=in1 Pin=Arduino-22
Added Pin To Net: NetName=VCC Pin=LM35DZ-1
Added Pin To Net: NetName=GND Pin=LM35DZ-3
Added Pin To Net: NetName=A3 Pin=Arduino-12
Added Pin To Net: NetName=A3 Pin=LM35DZ-2
Added Net: Name=A3
Added Member To Class: ClassName=smart_farm Member=Component LM35DZ Header 3
Added Member To Class: ClassName=smart_farm Member=Component P? Header 3
